<?xml version="1.0" encoding="UTF-8"?>
<!-- Generated by org.testng.reporters.JUnitReportReporter -->
<testsuite skipped="0" hostname="H2400-0383L" name="testcases.TC02" tests="1" failures="0" timestamp="13 Aug 2018 11:22:27 GMT" time="7.546" errors="0">
  <testcase name="verifyTC02" time="7.546" classname="testcases.TC02"/>
</testsuite> <!-- testcases.TC02 -->
