<?xml version="1.0" encoding="UTF-8"?>
<!-- Generated by org.testng.reporters.JUnitReportReporter -->
<testsuite skipped="0" hostname="H2400-0383L" name="testcases.TC03" tests="1" failures="0" timestamp="13 Aug 2018 11:22:27 GMT" time="1.212" errors="0">
  <testcase name="verifyTC03" time="1.212" classname="testcases.TC03"/>
</testsuite> <!-- testcases.TC03 -->
