<?xml version="1.0" encoding="UTF-8"?>
<!-- Generated by org.testng.reporters.JUnitReportReporter -->
<testsuite skipped="0" hostname="H2400-0383L" name="testcases.TC01" tests="1" failures="0" timestamp="13 Aug 2018 10:46:57 GMT" time="6.675" errors="0">
  <testcase name="verifyTest01" time="6.675" classname="testcases.TC01"/>
</testsuite> <!-- testcases.TC01 -->
